<?xml version="1.0" encoding="UTF-8"?>
<robot generator="Robot 6.1.1 (Python 3.11.2 on win32)" generated="20231029 12:45:29.923" rpa="false" schemaversion="4">
<suite id="s1" name="Robot Skladnia" source="C:\Users\vdi-student\Desktop\28.10.2023\robot_skladnia.robot">
<test id="s1-t1" name="For Loop In Range 10" line="10">
<for flavor="IN RANGE">
<var>${i}</var>
<value>10</value>
<iter>
<var name="${i}">0</var>
<kw name="Log" library="BuiltIn">
<arg>${i}</arg>
<doc>Logs the given message with the given level.</doc>
<msg timestamp="20231029 12:45:29.953" level="INFO">0</msg>
<status status="PASS" starttime="20231029 12:45:29.953" endtime="20231029 12:45:29.953"/>
</kw>
<kw name="Log To Console" library="BuiltIn">
<arg>${i}</arg>
<doc>Logs the given message to the console.</doc>
<status status="PASS" starttime="20231029 12:45:29.953" endtime="20231029 12:45:29.953"/>
</kw>
<status status="PASS" starttime="20231029 12:45:29.953" endtime="20231029 12:45:29.953"/>
</iter>
<iter>
<var name="${i}">1</var>
<kw name="Log" library="BuiltIn">
<arg>${i}</arg>
<doc>Logs the given message with the given level.</doc>
<msg timestamp="20231029 12:45:29.953" level="INFO">1</msg>
<status status="PASS" starttime="20231029 12:45:29.953" endtime="20231029 12:45:29.953"/>
</kw>
<kw name="Log To Console" library="BuiltIn">
<arg>${i}</arg>
<doc>Logs the given message to the console.</doc>
<status status="PASS" starttime="20231029 12:45:29.953" endtime="20231029 12:45:29.953"/>
</kw>
<status status="PASS" starttime="20231029 12:45:29.953" endtime="20231029 12:45:29.953"/>
</iter>
<iter>
<var name="${i}">2</var>
<kw name="Log" library="BuiltIn">
<arg>${i}</arg>
<doc>Logs the given message with the given level.</doc>
<msg timestamp="20231029 12:45:29.953" level="INFO">2</msg>
<status status="PASS" starttime="20231029 12:45:29.953" endtime="20231029 12:45:29.953"/>
</kw>
<kw name="Log To Console" library="BuiltIn">
<arg>${i}</arg>
<doc>Logs the given message to the console.</doc>
<status status="PASS" starttime="20231029 12:45:29.953" endtime="20231029 12:45:29.953"/>
</kw>
<status status="PASS" starttime="20231029 12:45:29.953" endtime="20231029 12:45:29.953"/>
</iter>
<iter>
<var name="${i}">3</var>
<kw name="Log" library="BuiltIn">
<arg>${i}</arg>
<doc>Logs the given message with the given level.</doc>
<msg timestamp="20231029 12:45:29.953" level="INFO">3</msg>
<status status="PASS" starttime="20231029 12:45:29.953" endtime="20231029 12:45:29.953"/>
</kw>
<kw name="Log To Console" library="BuiltIn">
<arg>${i}</arg>
<doc>Logs the given message to the console.</doc>
<status status="PASS" starttime="20231029 12:45:29.953" endtime="20231029 12:45:29.953"/>
</kw>
<status status="PASS" starttime="20231029 12:45:29.953" endtime="20231029 12:45:29.953"/>
</iter>
<iter>
<var name="${i}">4</var>
<kw name="Log" library="BuiltIn">
<arg>${i}</arg>
<doc>Logs the given message with the given level.</doc>
<msg timestamp="20231029 12:45:29.953" level="INFO">4</msg>
<status status="PASS" starttime="20231029 12:45:29.953" endtime="20231029 12:45:29.953"/>
</kw>
<kw name="Log To Console" library="BuiltIn">
<arg>${i}</arg>
<doc>Logs the given message to the console.</doc>
<status status="PASS" starttime="20231029 12:45:29.953" endtime="20231029 12:45:29.958"/>
</kw>
<status status="PASS" starttime="20231029 12:45:29.953" endtime="20231029 12:45:29.958"/>
</iter>
<iter>
<var name="${i}">5</var>
<kw name="Log" library="BuiltIn">
<arg>${i}</arg>
<doc>Logs the given message with the given level.</doc>
<msg timestamp="20231029 12:45:29.958" level="INFO">5</msg>
<status status="PASS" starttime="20231029 12:45:29.958" endtime="20231029 12:45:29.958"/>
</kw>
<kw name="Log To Console" library="BuiltIn">
<arg>${i}</arg>
<doc>Logs the given message to the console.</doc>
<status status="PASS" starttime="20231029 12:45:29.958" endtime="20231029 12:45:29.958"/>
</kw>
<status status="PASS" starttime="20231029 12:45:29.958" endtime="20231029 12:45:29.958"/>
</iter>
<iter>
<var name="${i}">6</var>
<kw name="Log" library="BuiltIn">
<arg>${i}</arg>
<doc>Logs the given message with the given level.</doc>
<msg timestamp="20231029 12:45:29.958" level="INFO">6</msg>
<status status="PASS" starttime="20231029 12:45:29.958" endtime="20231029 12:45:29.958"/>
</kw>
<kw name="Log To Console" library="BuiltIn">
<arg>${i}</arg>
<doc>Logs the given message to the console.</doc>
<status status="PASS" starttime="20231029 12:45:29.958" endtime="20231029 12:45:29.958"/>
</kw>
<status status="PASS" starttime="20231029 12:45:29.958" endtime="20231029 12:45:29.958"/>
</iter>
<iter>
<var name="${i}">7</var>
<kw name="Log" library="BuiltIn">
<arg>${i}</arg>
<doc>Logs the given message with the given level.</doc>
<msg timestamp="20231029 12:45:29.958" level="INFO">7</msg>
<status status="PASS" starttime="20231029 12:45:29.958" endtime="20231029 12:45:29.958"/>
</kw>
<kw name="Log To Console" library="BuiltIn">
<arg>${i}</arg>
<doc>Logs the given message to the console.</doc>
<status status="PASS" starttime="20231029 12:45:29.958" endtime="20231029 12:45:29.958"/>
</kw>
<status status="PASS" starttime="20231029 12:45:29.958" endtime="20231029 12:45:29.958"/>
</iter>
<iter>
<var name="${i}">8</var>
<kw name="Log" library="BuiltIn">
<arg>${i}</arg>
<doc>Logs the given message with the given level.</doc>
<msg timestamp="20231029 12:45:29.958" level="INFO">8</msg>
<status status="PASS" starttime="20231029 12:45:29.958" endtime="20231029 12:45:29.958"/>
</kw>
<kw name="Log To Console" library="BuiltIn">
<arg>${i}</arg>
<doc>Logs the given message to the console.</doc>
<status status="PASS" starttime="20231029 12:45:29.958" endtime="20231029 12:45:29.958"/>
</kw>
<status status="PASS" starttime="20231029 12:45:29.958" endtime="20231029 12:45:29.958"/>
</iter>
<iter>
<var name="${i}">9</var>
<kw name="Log" library="BuiltIn">
<arg>${i}</arg>
<doc>Logs the given message with the given level.</doc>
<msg timestamp="20231029 12:45:29.958" level="INFO">9</msg>
<status status="PASS" starttime="20231029 12:45:29.958" endtime="20231029 12:45:29.958"/>
</kw>
<kw name="Log To Console" library="BuiltIn">
<arg>${i}</arg>
<doc>Logs the given message to the console.</doc>
<status status="PASS" starttime="20231029 12:45:29.958" endtime="20231029 12:45:29.958"/>
</kw>
<status status="PASS" starttime="20231029 12:45:29.958" endtime="20231029 12:45:29.958"/>
</iter>
<status status="PASS" starttime="20231029 12:45:29.953" endtime="20231029 12:45:29.958"/>
</for>
<status status="PASS" starttime="20231029 12:45:29.953" endtime="20231029 12:45:29.958"/>
</test>
<test id="s1-t2" name="For Loop In Range 4 10" line="16">
<for flavor="IN RANGE">
<var>${i}</var>
<value>4</value>
<value>10</value>
<iter>
<var name="${i}">4</var>
<kw name="Log" library="BuiltIn">
<arg>${i}</arg>
<doc>Logs the given message with the given level.</doc>
<msg timestamp="20231029 12:45:29.962" level="INFO">4</msg>
<status status="PASS" starttime="20231029 12:45:29.962" endtime="20231029 12:45:29.962"/>
</kw>
<kw name="Log To Console" library="BuiltIn">
<arg>${i}</arg>
<doc>Logs the given message to the console.</doc>
<status status="PASS" starttime="20231029 12:45:29.962" endtime="20231029 12:45:29.962"/>
</kw>
<status status="PASS" starttime="20231029 12:45:29.962" endtime="20231029 12:45:29.962"/>
</iter>
<iter>
<var name="${i}">5</var>
<kw name="Log" library="BuiltIn">
<arg>${i}</arg>
<doc>Logs the given message with the given level.</doc>
<msg timestamp="20231029 12:45:29.962" level="INFO">5</msg>
<status status="PASS" starttime="20231029 12:45:29.962" endtime="20231029 12:45:29.962"/>
</kw>
<kw name="Log To Console" library="BuiltIn">
<arg>${i}</arg>
<doc>Logs the given message to the console.</doc>
<status status="PASS" starttime="20231029 12:45:29.962" endtime="20231029 12:45:29.962"/>
</kw>
<status status="PASS" starttime="20231029 12:45:29.962" endtime="20231029 12:45:29.962"/>
</iter>
<iter>
<var name="${i}">6</var>
<kw name="Log" library="BuiltIn">
<arg>${i}</arg>
<doc>Logs the given message with the given level.</doc>
<msg timestamp="20231029 12:45:29.962" level="INFO">6</msg>
<status status="PASS" starttime="20231029 12:45:29.962" endtime="20231029 12:45:29.962"/>
</kw>
<kw name="Log To Console" library="BuiltIn">
<arg>${i}</arg>
<doc>Logs the given message to the console.</doc>
<status status="PASS" starttime="20231029 12:45:29.962" endtime="20231029 12:45:29.962"/>
</kw>
<status status="PASS" starttime="20231029 12:45:29.962" endtime="20231029 12:45:29.962"/>
</iter>
<iter>
<var name="${i}">7</var>
<kw name="Log" library="BuiltIn">
<arg>${i}</arg>
<doc>Logs the given message with the given level.</doc>
<msg timestamp="20231029 12:45:29.962" level="INFO">7</msg>
<status status="PASS" starttime="20231029 12:45:29.962" endtime="20231029 12:45:29.962"/>
</kw>
<kw name="Log To Console" library="BuiltIn">
<arg>${i}</arg>
<doc>Logs the given message to the console.</doc>
<status status="PASS" starttime="20231029 12:45:29.962" endtime="20231029 12:45:29.962"/>
</kw>
<status status="PASS" starttime="20231029 12:45:29.962" endtime="20231029 12:45:29.962"/>
</iter>
<iter>
<var name="${i}">8</var>
<kw name="Log" library="BuiltIn">
<arg>${i}</arg>
<doc>Logs the given message with the given level.</doc>
<msg timestamp="20231029 12:45:29.962" level="INFO">8</msg>
<status status="PASS" starttime="20231029 12:45:29.962" endtime="20231029 12:45:29.962"/>
</kw>
<kw name="Log To Console" library="BuiltIn">
<arg>${i}</arg>
<doc>Logs the given message to the console.</doc>
<status status="PASS" starttime="20231029 12:45:29.962" endtime="20231029 12:45:29.962"/>
</kw>
<status status="PASS" starttime="20231029 12:45:29.962" endtime="20231029 12:45:29.962"/>
</iter>
<iter>
<var name="${i}">9</var>
<kw name="Log" library="BuiltIn">
<arg>${i}</arg>
<doc>Logs the given message with the given level.</doc>
<msg timestamp="20231029 12:45:29.962" level="INFO">9</msg>
<status status="PASS" starttime="20231029 12:45:29.962" endtime="20231029 12:45:29.962"/>
</kw>
<kw name="Log To Console" library="BuiltIn">
<arg>${i}</arg>
<doc>Logs the given message to the console.</doc>
<status status="PASS" starttime="20231029 12:45:29.962" endtime="20231029 12:45:29.962"/>
</kw>
<status status="PASS" starttime="20231029 12:45:29.962" endtime="20231029 12:45:29.962"/>
</iter>
<status status="PASS" starttime="20231029 12:45:29.962" endtime="20231029 12:45:29.962"/>
</for>
<status status="PASS" starttime="20231029 12:45:29.958" endtime="20231029 12:45:29.962"/>
</test>
<test id="s1-t3" name="For Loop In Range 4 20 With Step 3" line="22">
<for flavor="IN RANGE">
<var>${i}</var>
<value>4</value>
<value>20</value>
<value>3</value>
<iter>
<var name="${i}">4</var>
<kw name="Log" library="BuiltIn">
<arg>${i}</arg>
<doc>Logs the given message with the given level.</doc>
<msg timestamp="20231029 12:45:29.967" level="INFO">4</msg>
<status status="PASS" starttime="20231029 12:45:29.967" endtime="20231029 12:45:29.967"/>
</kw>
<kw name="Log To Console" library="BuiltIn">
<arg>${i}</arg>
<doc>Logs the given message to the console.</doc>
<status status="PASS" starttime="20231029 12:45:29.967" endtime="20231029 12:45:29.967"/>
</kw>
<status status="PASS" starttime="20231029 12:45:29.967" endtime="20231029 12:45:29.967"/>
</iter>
<iter>
<var name="${i}">7</var>
<kw name="Log" library="BuiltIn">
<arg>${i}</arg>
<doc>Logs the given message with the given level.</doc>
<msg timestamp="20231029 12:45:29.967" level="INFO">7</msg>
<status status="PASS" starttime="20231029 12:45:29.967" endtime="20231029 12:45:29.967"/>
</kw>
<kw name="Log To Console" library="BuiltIn">
<arg>${i}</arg>
<doc>Logs the given message to the console.</doc>
<status status="PASS" starttime="20231029 12:45:29.967" endtime="20231029 12:45:29.967"/>
</kw>
<status status="PASS" starttime="20231029 12:45:29.967" endtime="20231029 12:45:29.967"/>
</iter>
<iter>
<var name="${i}">10</var>
<kw name="Log" library="BuiltIn">
<arg>${i}</arg>
<doc>Logs the given message with the given level.</doc>
<msg timestamp="20231029 12:45:29.967" level="INFO">10</msg>
<status status="PASS" starttime="20231029 12:45:29.967" endtime="20231029 12:45:29.967"/>
</kw>
<kw name="Log To Console" library="BuiltIn">
<arg>${i}</arg>
<doc>Logs the given message to the console.</doc>
<status status="PASS" starttime="20231029 12:45:29.967" endtime="20231029 12:45:29.967"/>
</kw>
<status status="PASS" starttime="20231029 12:45:29.967" endtime="20231029 12:45:29.967"/>
</iter>
<iter>
<var name="${i}">13</var>
<kw name="Log" library="BuiltIn">
<arg>${i}</arg>
<doc>Logs the given message with the given level.</doc>
<msg timestamp="20231029 12:45:29.967" level="INFO">13</msg>
<status status="PASS" starttime="20231029 12:45:29.967" endtime="20231029 12:45:29.967"/>
</kw>
<kw name="Log To Console" library="BuiltIn">
<arg>${i}</arg>
<doc>Logs the given message to the console.</doc>
<status status="PASS" starttime="20231029 12:45:29.967" endtime="20231029 12:45:29.967"/>
</kw>
<status status="PASS" starttime="20231029 12:45:29.967" endtime="20231029 12:45:29.967"/>
</iter>
<iter>
<var name="${i}">16</var>
<kw name="Log" library="BuiltIn">
<arg>${i}</arg>
<doc>Logs the given message with the given level.</doc>
<msg timestamp="20231029 12:45:29.967" level="INFO">16</msg>
<status status="PASS" starttime="20231029 12:45:29.967" endtime="20231029 12:45:29.967"/>
</kw>
<kw name="Log To Console" library="BuiltIn">
<arg>${i}</arg>
<doc>Logs the given message to the console.</doc>
<status status="PASS" starttime="20231029 12:45:29.967" endtime="20231029 12:45:29.967"/>
</kw>
<status status="PASS" starttime="20231029 12:45:29.967" endtime="20231029 12:45:29.967"/>
</iter>
<iter>
<var name="${i}">19</var>
<kw name="Log" library="BuiltIn">
<arg>${i}</arg>
<doc>Logs the given message with the given level.</doc>
<msg timestamp="20231029 12:45:29.972" level="INFO">19</msg>
<status status="PASS" starttime="20231029 12:45:29.967" endtime="20231029 12:45:29.972"/>
</kw>
<kw name="Log To Console" library="BuiltIn">
<arg>${i}</arg>
<doc>Logs the given message to the console.</doc>
<status status="PASS" starttime="20231029 12:45:29.972" endtime="20231029 12:45:29.972"/>
</kw>
<status status="PASS" starttime="20231029 12:45:29.967" endtime="20231029 12:45:29.972"/>
</iter>
<status status="PASS" starttime="20231029 12:45:29.967" endtime="20231029 12:45:29.972"/>
</for>
<status status="PASS" starttime="20231029 12:45:29.967" endtime="20231029 12:45:29.972"/>
</test>
<test id="s1-t4" name="For Loop In List" line="28">
<for flavor="IN">
<var>${item}</var>
<value>@{list_of_numbers}</value>
<iter>
<var name="${item}">1</var>
<if>
<branch type="IF" condition="${item}==3">
<kw name="Log" library="BuiltIn">
<arg>${item}</arg>
<doc>Logs the given message with the given level.</doc>
<status status="NOT RUN" starttime="20231029 12:45:29.972" endtime="20231029 12:45:29.972"/>
</kw>
<status status="NOT RUN" starttime="20231029 12:45:29.972" endtime="20231029 12:45:29.972"/>
</branch>
<status status="PASS" starttime="20231029 12:45:29.972" endtime="20231029 12:45:29.972"/>
</if>
<status status="PASS" starttime="20231029 12:45:29.972" endtime="20231029 12:45:29.972"/>
</iter>
<iter>
<var name="${item}">2</var>
<if>
<branch type="IF" condition="${item}==3">
<kw name="Log" library="BuiltIn">
<arg>${item}</arg>
<doc>Logs the given message with the given level.</doc>
<status status="NOT RUN" starttime="20231029 12:45:29.972" endtime="20231029 12:45:29.972"/>
</kw>
<status status="NOT RUN" starttime="20231029 12:45:29.972" endtime="20231029 12:45:29.972"/>
</branch>
<status status="PASS" starttime="20231029 12:45:29.972" endtime="20231029 12:45:29.972"/>
</if>
<status status="PASS" starttime="20231029 12:45:29.972" endtime="20231029 12:45:29.972"/>
</iter>
<iter>
<var name="${item}">3</var>
<if>
<branch type="IF" condition="${item}==3">
<kw name="Log" library="BuiltIn">
<arg>${item}</arg>
<doc>Logs the given message with the given level.</doc>
<msg timestamp="20231029 12:45:29.972" level="INFO">3</msg>
<status status="PASS" starttime="20231029 12:45:29.972" endtime="20231029 12:45:29.972"/>
</kw>
<status status="PASS" starttime="20231029 12:45:29.972" endtime="20231029 12:45:29.972"/>
</branch>
<status status="PASS" starttime="20231029 12:45:29.972" endtime="20231029 12:45:29.972"/>
</if>
<status status="PASS" starttime="20231029 12:45:29.972" endtime="20231029 12:45:29.972"/>
</iter>
<iter>
<var name="${item}">4</var>
<if>
<branch type="IF" condition="${item}==3">
<kw name="Log" library="BuiltIn">
<arg>${item}</arg>
<doc>Logs the given message with the given level.</doc>
<status status="NOT RUN" starttime="20231029 12:45:29.972" endtime="20231029 12:45:29.972"/>
</kw>
<status status="NOT RUN" starttime="20231029 12:45:29.972" endtime="20231029 12:45:29.972"/>
</branch>
<status status="PASS" starttime="20231029 12:45:29.972" endtime="20231029 12:45:29.972"/>
</if>
<status status="PASS" starttime="20231029 12:45:29.972" endtime="20231029 12:45:29.972"/>
</iter>
<iter>
<var name="${item}">5</var>
<if>
<branch type="IF" condition="${item}==3">
<kw name="Log" library="BuiltIn">
<arg>${item}</arg>
<doc>Logs the given message with the given level.</doc>
<status status="NOT RUN" starttime="20231029 12:45:29.972" endtime="20231029 12:45:29.972"/>
</kw>
<status status="NOT RUN" starttime="20231029 12:45:29.972" endtime="20231029 12:45:29.972"/>
</branch>
<status status="PASS" starttime="20231029 12:45:29.972" endtime="20231029 12:45:29.972"/>
</if>
<status status="PASS" starttime="20231029 12:45:29.972" endtime="20231029 12:45:29.972"/>
</iter>
<status status="PASS" starttime="20231029 12:45:29.972" endtime="20231029 12:45:29.972"/>
</for>
<status status="PASS" starttime="20231029 12:45:29.972" endtime="20231029 12:45:29.972"/>
</test>
<test id="s1-t5" name="For Loop In Dictionary" line="33">
<kw name="Log" library="BuiltIn">
<arg>${dictionary}</arg>
<doc>Logs the given message with the given level.</doc>
<msg timestamp="20231029 12:45:29.977" level="INFO">{'slowo': 'piesek', 'numer': '30', 'lista': ['pierwszy', 'drugi', 'trzeci', 'czwawrty', 'piąty']}</msg>
<status status="PASS" starttime="20231029 12:45:29.977" endtime="20231029 12:45:29.977"/>
</kw>
<for flavor="IN">
<var>${keys_and_values}</var>
<value>&amp;{dictionary}</value>
<iter>
<var name="${keys_and_values}">('slowo', 'piesek')</var>
<kw name="Log" library="BuiltIn">
<arg>${keys_and_values}</arg>
<doc>Logs the given message with the given level.</doc>
<msg timestamp="20231029 12:45:29.977" level="INFO">('slowo', 'piesek')</msg>
<status status="PASS" starttime="20231029 12:45:29.977" endtime="20231029 12:45:29.977"/>
</kw>
<status status="PASS" starttime="20231029 12:45:29.977" endtime="20231029 12:45:29.977"/>
</iter>
<iter>
<var name="${keys_and_values}">('numer', '30')</var>
<kw name="Log" library="BuiltIn">
<arg>${keys_and_values}</arg>
<doc>Logs the given message with the given level.</doc>
<msg timestamp="20231029 12:45:29.977" level="INFO">('numer', '30')</msg>
<status status="PASS" starttime="20231029 12:45:29.977" endtime="20231029 12:45:29.977"/>
</kw>
<status status="PASS" starttime="20231029 12:45:29.977" endtime="20231029 12:45:29.977"/>
</iter>
<iter>
<var name="${keys_and_values}">('lista', ['pierwszy', 'drugi', 'trzeci', 'czwawrty', 'piąty'])</var>
<kw name="Log" library="BuiltIn">
<arg>${keys_and_values}</arg>
<doc>Logs the given message with the given level.</doc>
<msg timestamp="20231029 12:45:29.977" level="INFO">('lista', ['pierwszy', 'drugi', 'trzeci', 'czwawrty', 'piąty'])</msg>
<status status="PASS" starttime="20231029 12:45:29.977" endtime="20231029 12:45:29.977"/>
</kw>
<status status="PASS" starttime="20231029 12:45:29.977" endtime="20231029 12:45:29.977"/>
</iter>
<status status="PASS" starttime="20231029 12:45:29.977" endtime="20231029 12:45:29.977"/>
</for>
<status status="PASS" starttime="20231029 12:45:29.977" endtime="20231029 12:45:29.977"/>
</test>
<status status="PASS" starttime="20231029 12:45:29.928" endtime="20231029 12:45:29.977"/>
</suite>
<statistics>
<total>
<stat pass="5" fail="0" skip="0">All Tests</stat>
</total>
<tag>
</tag>
<suite>
<stat pass="5" fail="0" skip="0" id="s1" name="Robot Skladnia">Robot Skladnia</stat>
</suite>
</statistics>
<errors>
</errors>
</robot>
