<?xml version="1.0" encoding="UTF-8"?>
<robot generator="Robot 6.1.1 (Python 3.11.2 on win32)" generated="20231029 13:17:47.856" rpa="false" schemaversion="4">
<suite id="s1" name="Robot Cwiczenie" source="C:\Users\vdi-student\Desktop\28.10.2023\robot_cwiczenie.robot">
<test id="s1-t1" name="Registration" line="14">
<kw name="Open My Browser">
<kw name="Open Browser" library="SeleniumLibrary">
<arg>https://gotujmy.pl/forum/</arg>
<arg>Chrome</arg>
<doc>Opens a new browser instance to the optional ``url``.</doc>
<msg timestamp="20231029 13:17:48.101" level="INFO">Opening browser 'Chrome' to base url 'https://gotujmy.pl/forum/'.</msg>
<status status="PASS" starttime="20231029 13:17:48.101" endtime="20231029 13:17:50.960"/>
</kw>
<kw name="Maximize Browser Window" library="SeleniumLibrary">
<doc>Maximizes current browser window.</doc>
<status status="PASS" starttime="20231029 13:17:50.960" endtime="20231029 13:17:51.091"/>
</kw>
<kw name="Sleep" library="BuiltIn">
<arg>3</arg>
<doc>Pauses the test executed for the given time.</doc>
<msg timestamp="20231029 13:17:54.091" level="INFO">Slept 3 seconds</msg>
<status status="PASS" starttime="20231029 13:17:51.091" endtime="20231029 13:17:54.091"/>
</kw>
<kw name="Scroll Element Into View" library="SeleniumLibrary">
<arg>//*[@id="qc-cmp2-ui"]/div[2]/div/button[2]</arg>
<doc>Scrolls the element identified by ``locator`` into view.</doc>
<status status="PASS" starttime="20231029 13:17:54.091" endtime="20231029 13:17:54.373"/>
</kw>
<kw name="Run Keyword And Ignore Error" library="BuiltIn">
<arg>click button</arg>
<arg>//*[@id="qc-cmp2-ui"]/div[2]/div/button[2]</arg>
<doc>Runs the given keyword with the given arguments and ignores possible error.</doc>
<kw name="Click Button" library="SeleniumLibrary">
<arg>//*[@id="qc-cmp2-ui"]/div[2]/div/button[2]</arg>
<doc>Clicks the button identified by ``locator``.</doc>
<msg timestamp="20231029 13:17:54.375" level="INFO">Clicking button '//*[@id="qc-cmp2-ui"]/div[2]/div/button[2]'.</msg>
<status status="PASS" starttime="20231029 13:17:54.375" endtime="20231029 13:17:54.553"/>
</kw>
<status status="PASS" starttime="20231029 13:17:54.373" endtime="20231029 13:17:54.553"/>
</kw>
<status status="PASS" starttime="20231029 13:17:48.101" endtime="20231029 13:17:54.553"/>
</kw>
<kw name="Sleep" library="BuiltIn">
<arg>1</arg>
<doc>Pauses the test executed for the given time.</doc>
<msg timestamp="20231029 13:17:55.555" level="INFO">Slept 1 second</msg>
<status status="PASS" starttime="20231029 13:17:54.554" endtime="20231029 13:17:55.555"/>
</kw>
<kw name="Click Element" library="SeleniumLibrary">
<arg>//*[@id="navTop"]/nav/ul[1]/li[2]/a</arg>
<doc>Click the element identified by ``locator``.</doc>
<msg timestamp="20231029 13:17:55.555" level="INFO">Clicking element '//*[@id="navTop"]/nav/ul[1]/li[2]/a'.</msg>
<status status="PASS" starttime="20231029 13:17:55.555" endtime="20231029 13:17:56.137"/>
</kw>
<status status="PASS" starttime="20231029 13:17:48.101" endtime="20231029 13:17:56.137"/>
</test>
<status status="PASS" starttime="20231029 13:17:47.856" endtime="20231029 13:17:56.137"/>
</suite>
<statistics>
<total>
<stat pass="1" fail="0" skip="0">All Tests</stat>
</total>
<tag>
</tag>
<suite>
<stat pass="1" fail="0" skip="0" id="s1" name="Robot Cwiczenie">Robot Cwiczenie</stat>
</suite>
</statistics>
<errors>
</errors>
</robot>
